Classic Timing Analyzer report for Subway_Signal_Control_Logic_II
Tue Dec 09 19:52:43 2014
Quartus II Version 9.1 Build 350 03/24/2010 Service Pack 2 SJ Web Edition


---------------------
; Table of Contents ;
---------------------
  1. Legal Notice
  2. Timing Analyzer Summary
  3. Timing Analyzer Settings
  4. Clock Settings Summary
  5. Parallel Compilation
  6. Clock Setup: 'CLK'
  7. tsu
  8. tco
  9. th
 10. Timing Analyzer Messages



----------------
; Legal Notice ;
----------------
Copyright (C) 1991-2010 Altera Corporation
Your use of Altera Corporation's design tools, logic functions 
and other software and tools, and its AMPP partner logic 
functions, and any output files from any of the foregoing 
(including device programming or simulation files), and any 
associated documentation or information are expressly subject 
to the terms and conditions of the Altera Program License 
Subscription Agreement, Altera MegaCore Function License 
Agreement, or other applicable license agreement, including, 
without limitation, that your use is for the sole purpose of 
programming logic devices manufactured by Altera and sold by 
Altera or its authorized distributors.  Please refer to the 
applicable agreement for further details.



+--------------------------------------------------------------------------------------------------------------------------------------------------------------------------------+
; Timing Analyzer Summary                                                                                                                                                        ;
+------------------------------+-------+---------------+------------------------------------------------+----------------+----------------+------------+----------+--------------+
; Type                         ; Slack ; Required Time ; Actual Time                                    ; From           ; To             ; From Clock ; To Clock ; Failed Paths ;
+------------------------------+-------+---------------+------------------------------------------------+----------------+----------------+------------+----------+--------------+
; Worst-case tsu               ; N/A   ; None          ; 3.151 ns                                       ; P[2]           ; state:comb_3|A ; --         ; CLK      ; 0            ;
; Worst-case tco               ; N/A   ; None          ; 6.928 ns                                       ; state:comb_3|B ; B              ; CLK        ; --       ; 0            ;
; Worst-case th                ; N/A   ; None          ; -2.707 ns                                      ; P[1]           ; state:comb_3|D ; --         ; CLK      ; 0            ;
; Clock Setup: 'CLK'           ; N/A   ; None          ; Restricted to 500.00 MHz ( period = 2.000 ns ) ; state:comb_3|A ; state:comb_3|D ; CLK        ; CLK      ; 0            ;
; Total number of failed paths ;       ;               ;                                                ;                ;                ;            ;          ; 0            ;
+------------------------------+-------+---------------+------------------------------------------------+----------------+----------------+------------+----------+--------------+


+-----------------------------------------------------------------------------------------------------------------------------------------------------+
; Timing Analyzer Settings                                                                                                                            ;
+------------------------------------------------------------------------------------------------------+--------------------+------+----+-------------+
; Option                                                                                               ; Setting            ; From ; To ; Entity Name ;
+------------------------------------------------------------------------------------------------------+--------------------+------+----+-------------+
; Device Name                                                                                          ; EP2S15F484C3       ;      ;    ;             ;
; Timing Models                                                                                        ; Final              ;      ;    ;             ;
; Default hold multicycle                                                                              ; Same as Multicycle ;      ;    ;             ;
; Cut paths between unrelated clock domains                                                            ; On                 ;      ;    ;             ;
; Cut off read during write signal paths                                                               ; On                 ;      ;    ;             ;
; Cut off feedback from I/O pins                                                                       ; On                 ;      ;    ;             ;
; Report Combined Fast/Slow Timing                                                                     ; Off                ;      ;    ;             ;
; Ignore Clock Settings                                                                                ; Off                ;      ;    ;             ;
; Analyze latches as synchronous elements                                                              ; On                 ;      ;    ;             ;
; Enable Recovery/Removal analysis                                                                     ; Off                ;      ;    ;             ;
; Enable Clock Latency                                                                                 ; Off                ;      ;    ;             ;
; Use TimeQuest Timing Analyzer                                                                        ; Off                ;      ;    ;             ;
; Number of source nodes to report per destination node                                                ; 10                 ;      ;    ;             ;
; Number of destination nodes to report                                                                ; 10                 ;      ;    ;             ;
; Number of paths to report                                                                            ; 200                ;      ;    ;             ;
; Report Minimum Timing Checks                                                                         ; Off                ;      ;    ;             ;
; Use Fast Timing Models                                                                               ; Off                ;      ;    ;             ;
; Report IO Paths Separately                                                                           ; Off                ;      ;    ;             ;
; Perform Multicorner Analysis                                                                         ; On                 ;      ;    ;             ;
; Reports the worst-case path for each clock domain and analysis                                       ; Off                ;      ;    ;             ;
; Reports worst-case timing paths for each clock domain and analysis                                   ; Off                ;      ;    ;             ;
; Specifies the maximum number of worst-case timing paths to report for each clock domain and analysis ; 100                ;      ;    ;             ;
; Removes common clock path pessimism (CCPP) during slack computation                                  ; Off                ;      ;    ;             ;
; Output I/O Timing Endpoint                                                                           ; Near End           ;      ;    ;             ;
+------------------------------------------------------------------------------------------------------+--------------------+------+----+-------------+


+------------------------------------------------------------------------------------------------------------------------------------------------------------------------------------+
; Clock Settings Summary                                                                                                                                                             ;
+-----------------+--------------------+----------+------------------+---------------+--------------+----------+-----------------------+---------------------+--------+--------------+
; Clock Node Name ; Clock Setting Name ; Type     ; Fmax Requirement ; Early Latency ; Late Latency ; Based on ; Multiply Base Fmax by ; Divide Base Fmax by ; Offset ; Phase offset ;
+-----------------+--------------------+----------+------------------+---------------+--------------+----------+-----------------------+---------------------+--------+--------------+
; CLK             ;                    ; User Pin ; None             ; 0.000 ns      ; 0.000 ns     ; --       ; N/A                   ; N/A                 ; N/A    ;              ;
+-----------------+--------------------+----------+------------------+---------------+--------------+----------+-----------------------+---------------------+--------+--------------+


Parallel compilation was disabled, but you have multiple processors available. Enable parallel compilation to reduce compilation time.
+-------------------------------------+
; Parallel Compilation                ;
+----------------------------+--------+
; Processors                 ; Number ;
+----------------------------+--------+
; Number detected on machine ; 4      ;
; Maximum allowed            ; 1      ;
+----------------------------+--------+


+--------------------------------------------------------------------------------------------------------------------------------------------------------------------------------------------------------------------------+
; Clock Setup: 'CLK'                                                                                                                                                                                                       ;
+-------+------------------------------------------------+--------------------------+--------------------------+------------+----------+-----------------------------+---------------------------+-------------------------+
; Slack ; Actual fmax (period)                           ; From                     ; To                       ; From Clock ; To Clock ; Required Setup Relationship ; Required Longest P2P Time ; Actual Longest P2P Time ;
+-------+------------------------------------------------+--------------------------+--------------------------+------------+----------+-----------------------------+---------------------------+-------------------------+
; N/A   ; Restricted to 500.00 MHz ( period = 2.000 ns ) ; state:comb_3|A           ; state:comb_3|D           ; CLK        ; CLK      ; None                        ; None                      ; 0.716 ns                ;
; N/A   ; Restricted to 500.00 MHz ( period = 2.000 ns ) ; state:comb_3|A           ; state:comb_3|B~DUPLICATE ; CLK        ; CLK      ; None                        ; None                      ; 0.714 ns                ;
; N/A   ; Restricted to 500.00 MHz ( period = 2.000 ns ) ; state:comb_3|A           ; state:comb_3|B           ; CLK        ; CLK      ; None                        ; None                      ; 0.714 ns                ;
; N/A   ; Restricted to 500.00 MHz ( period = 2.000 ns ) ; state:comb_3|B~DUPLICATE ; state:comb_3|A           ; CLK        ; CLK      ; None                        ; None                      ; 0.684 ns                ;
; N/A   ; Restricted to 500.00 MHz ( period = 2.000 ns ) ; state:comb_3|B~DUPLICATE ; state:comb_3|C           ; CLK        ; CLK      ; None                        ; None                      ; 0.682 ns                ;
; N/A   ; Restricted to 500.00 MHz ( period = 2.000 ns ) ; state:comb_3|B~DUPLICATE ; state:comb_3|D           ; CLK        ; CLK      ; None                        ; None                      ; 0.530 ns                ;
; N/A   ; Restricted to 500.00 MHz ( period = 2.000 ns ) ; state:comb_3|C           ; state:comb_3|D           ; CLK        ; CLK      ; None                        ; None                      ; 0.459 ns                ;
; N/A   ; Restricted to 500.00 MHz ( period = 2.000 ns ) ; state:comb_3|C           ; state:comb_3|B~DUPLICATE ; CLK        ; CLK      ; None                        ; None                      ; 0.458 ns                ;
; N/A   ; Restricted to 500.00 MHz ( period = 2.000 ns ) ; state:comb_3|C           ; state:comb_3|B           ; CLK        ; CLK      ; None                        ; None                      ; 0.457 ns                ;
; N/A   ; Restricted to 500.00 MHz ( period = 2.000 ns ) ; state:comb_3|C           ; state:comb_3|A           ; CLK        ; CLK      ; None                        ; None                      ; 0.454 ns                ;
; N/A   ; Restricted to 500.00 MHz ( period = 2.000 ns ) ; state:comb_3|A           ; state:comb_3|C           ; CLK        ; CLK      ; None                        ; None                      ; 0.452 ns                ;
; N/A   ; Restricted to 500.00 MHz ( period = 2.000 ns ) ; state:comb_3|A           ; state:comb_3|A           ; CLK        ; CLK      ; None                        ; None                      ; 0.396 ns                ;
; N/A   ; Restricted to 500.00 MHz ( period = 2.000 ns ) ; state:comb_3|B~DUPLICATE ; state:comb_3|B~DUPLICATE ; CLK        ; CLK      ; None                        ; None                      ; 0.396 ns                ;
; N/A   ; Restricted to 500.00 MHz ( period = 2.000 ns ) ; state:comb_3|C           ; state:comb_3|C           ; CLK        ; CLK      ; None                        ; None                      ; 0.396 ns                ;
; N/A   ; Restricted to 500.00 MHz ( period = 2.000 ns ) ; state:comb_3|B           ; state:comb_3|B           ; CLK        ; CLK      ; None                        ; None                      ; 0.396 ns                ;
+-------+------------------------------------------------+--------------------------+--------------------------+------------+----------+-----------------------------+---------------------------+-------------------------+


+--------------------------------------------------------------------------------+
; tsu                                                                            ;
+-------+--------------+------------+------+--------------------------+----------+
; Slack ; Required tsu ; Actual tsu ; From ; To                       ; To Clock ;
+-------+--------------+------------+------+--------------------------+----------+
; N/A   ; None         ; 3.151 ns   ; P[2] ; state:comb_3|A           ; CLK      ;
; N/A   ; None         ; 3.144 ns   ; P[2] ; state:comb_3|D           ; CLK      ;
; N/A   ; None         ; 3.054 ns   ; P[2] ; state:comb_3|C           ; CLK      ;
; N/A   ; None         ; 3.049 ns   ; P[1] ; state:comb_3|C           ; CLK      ;
; N/A   ; None         ; 3.049 ns   ; P[2] ; state:comb_3|B~DUPLICATE ; CLK      ;
; N/A   ; None         ; 3.049 ns   ; P[2] ; state:comb_3|B           ; CLK      ;
; N/A   ; None         ; 3.046 ns   ; P[1] ; state:comb_3|B~DUPLICATE ; CLK      ;
; N/A   ; None         ; 3.046 ns   ; P[1] ; state:comb_3|B           ; CLK      ;
; N/A   ; None         ; 2.951 ns   ; P[1] ; state:comb_3|A           ; CLK      ;
; N/A   ; None         ; 2.946 ns   ; P[1] ; state:comb_3|D           ; CLK      ;
+-------+--------------+------------+------+--------------------------+----------+


+----------------------------------------------------------------------+
; tco                                                                  ;
+-------+--------------+------------+----------------+----+------------+
; Slack ; Required tco ; Actual tco ; From           ; To ; From Clock ;
+-------+--------------+------------+----------------+----+------------+
; N/A   ; None         ; 6.928 ns   ; state:comb_3|B ; B  ; CLK        ;
; N/A   ; None         ; 6.136 ns   ; state:comb_3|A ; A  ; CLK        ;
; N/A   ; None         ; 6.097 ns   ; state:comb_3|C ; C  ; CLK        ;
; N/A   ; None         ; 6.060 ns   ; state:comb_3|D ; D  ; CLK        ;
+-------+--------------+------------+----------------+----+------------+


+--------------------------------------------------------------------------------------+
; th                                                                                   ;
+---------------+-------------+-----------+------+--------------------------+----------+
; Minimum Slack ; Required th ; Actual th ; From ; To                       ; To Clock ;
+---------------+-------------+-----------+------+--------------------------+----------+
; N/A           ; None        ; -2.707 ns ; P[1] ; state:comb_3|D           ; CLK      ;
; N/A           ; None        ; -2.712 ns ; P[1] ; state:comb_3|A           ; CLK      ;
; N/A           ; None        ; -2.807 ns ; P[1] ; state:comb_3|B~DUPLICATE ; CLK      ;
; N/A           ; None        ; -2.807 ns ; P[1] ; state:comb_3|B           ; CLK      ;
; N/A           ; None        ; -2.810 ns ; P[1] ; state:comb_3|C           ; CLK      ;
; N/A           ; None        ; -2.810 ns ; P[2] ; state:comb_3|B~DUPLICATE ; CLK      ;
; N/A           ; None        ; -2.810 ns ; P[2] ; state:comb_3|B           ; CLK      ;
; N/A           ; None        ; -2.815 ns ; P[2] ; state:comb_3|C           ; CLK      ;
; N/A           ; None        ; -2.905 ns ; P[2] ; state:comb_3|D           ; CLK      ;
; N/A           ; None        ; -2.912 ns ; P[2] ; state:comb_3|A           ; CLK      ;
+---------------+-------------+-----------+------+--------------------------+----------+


+--------------------------+
; Timing Analyzer Messages ;
+--------------------------+
Info: *******************************************************************
Info: Running Quartus II Classic Timing Analyzer
    Info: Version 9.1 Build 350 03/24/2010 Service Pack 2 SJ Web Edition
    Info: Processing started: Tue Dec 09 19:52:43 2014
Info: Command: quartus_tan --read_settings_files=off --write_settings_files=off Subway_Signal_Control_Logic_II -c Subway_Signal_Control_Logic_II --timing_analysis_only
Warning: Found pins functioning as undefined clocks and/or memory enables
    Info: Assuming node "CLK" is an undefined clock
Info: Clock "CLK" Internal fmax is restricted to 500.0 MHz between source register "state:comb_3|A" and destination register "state:comb_3|D"
    Info: fmax restricted to clock pin edge rate 2.0 ns. Expand message to see actual delay path.
        Info: + Longest register to register delay is 0.716 ns
            Info: 1: + IC(0.000 ns) + CELL(0.000 ns) = 0.000 ns; Loc. = LCFF_X25_Y14_N21; Fanout = 6; REG Node = 'state:comb_3|A'
            Info: 2: + IC(0.289 ns) + CELL(0.272 ns) = 0.561 ns; Loc. = LCCOMB_X25_Y14_N2; Fanout = 1; COMB Node = 'state:comb_3|Add16~0'
            Info: 3: + IC(0.000 ns) + CELL(0.155 ns) = 0.716 ns; Loc. = LCFF_X25_Y14_N3; Fanout = 1; REG Node = 'state:comb_3|D'
            Info: Total cell delay = 0.427 ns ( 59.64 % )
            Info: Total interconnect delay = 0.289 ns ( 40.36 % )
        Info: - Smallest clock skew is 0.000 ns
            Info: + Shortest clock path from clock "CLK" to destination register is 2.487 ns
                Info: 1: + IC(0.000 ns) + CELL(0.854 ns) = 0.854 ns; Loc. = PIN_N20; Fanout = 1; CLK Node = 'CLK'
                Info: 2: + IC(0.343 ns) + CELL(0.000 ns) = 1.197 ns; Loc. = CLKCTRL_G3; Fanout = 5; COMB Node = 'CLK~clkctrl'
                Info: 3: + IC(0.672 ns) + CELL(0.618 ns) = 2.487 ns; Loc. = LCFF_X25_Y14_N3; Fanout = 1; REG Node = 'state:comb_3|D'
                Info: Total cell delay = 1.472 ns ( 59.19 % )
                Info: Total interconnect delay = 1.015 ns ( 40.81 % )
            Info: - Longest clock path from clock "CLK" to source register is 2.487 ns
                Info: 1: + IC(0.000 ns) + CELL(0.854 ns) = 0.854 ns; Loc. = PIN_N20; Fanout = 1; CLK Node = 'CLK'
                Info: 2: + IC(0.343 ns) + CELL(0.000 ns) = 1.197 ns; Loc. = CLKCTRL_G3; Fanout = 5; COMB Node = 'CLK~clkctrl'
                Info: 3: + IC(0.672 ns) + CELL(0.618 ns) = 2.487 ns; Loc. = LCFF_X25_Y14_N21; Fanout = 6; REG Node = 'state:comb_3|A'
                Info: Total cell delay = 1.472 ns ( 59.19 % )
                Info: Total interconnect delay = 1.015 ns ( 40.81 % )
        Info: + Micro clock to output delay of source is 0.094 ns
        Info: + Micro setup delay of destination is 0.090 ns
Info: tsu for register "state:comb_3|A" (data pin = "P[2]", clock pin = "CLK") is 3.151 ns
    Info: + Longest pin to register delay is 5.548 ns
        Info: 1: + IC(0.000 ns) + CELL(0.809 ns) = 0.809 ns; Loc. = PIN_B12; Fanout = 5; PIN Node = 'P[2]'
        Info: 2: + IC(4.227 ns) + CELL(0.357 ns) = 5.393 ns; Loc. = LCCOMB_X25_Y14_N20; Fanout = 1; COMB Node = 'state:comb_3|Add16~1'
        Info: 3: + IC(0.000 ns) + CELL(0.155 ns) = 5.548 ns; Loc. = LCFF_X25_Y14_N21; Fanout = 6; REG Node = 'state:comb_3|A'
        Info: Total cell delay = 1.321 ns ( 23.81 % )
        Info: Total interconnect delay = 4.227 ns ( 76.19 % )
    Info: + Micro setup delay of destination is 0.090 ns
    Info: - Shortest clock path from clock "CLK" to destination register is 2.487 ns
        Info: 1: + IC(0.000 ns) + CELL(0.854 ns) = 0.854 ns; Loc. = PIN_N20; Fanout = 1; CLK Node = 'CLK'
        Info: 2: + IC(0.343 ns) + CELL(0.000 ns) = 1.197 ns; Loc. = CLKCTRL_G3; Fanout = 5; COMB Node = 'CLK~clkctrl'
        Info: 3: + IC(0.672 ns) + CELL(0.618 ns) = 2.487 ns; Loc. = LCFF_X25_Y14_N21; Fanout = 6; REG Node = 'state:comb_3|A'
        Info: Total cell delay = 1.472 ns ( 59.19 % )
        Info: Total interconnect delay = 1.015 ns ( 40.81 % )
Info: tco from clock "CLK" to destination pin "B" through register "state:comb_3|B" is 6.928 ns
    Info: + Longest clock path from clock "CLK" to source register is 2.487 ns
        Info: 1: + IC(0.000 ns) + CELL(0.854 ns) = 0.854 ns; Loc. = PIN_N20; Fanout = 1; CLK Node = 'CLK'
        Info: 2: + IC(0.343 ns) + CELL(0.000 ns) = 1.197 ns; Loc. = CLKCTRL_G3; Fanout = 5; COMB Node = 'CLK~clkctrl'
        Info: 3: + IC(0.672 ns) + CELL(0.618 ns) = 2.487 ns; Loc. = LCFF_X25_Y14_N11; Fanout = 2; REG Node = 'state:comb_3|B'
        Info: Total cell delay = 1.472 ns ( 59.19 % )
        Info: Total interconnect delay = 1.015 ns ( 40.81 % )
    Info: + Micro clock to output delay of source is 0.094 ns
    Info: + Longest register to pin delay is 4.347 ns
        Info: 1: + IC(0.000 ns) + CELL(0.000 ns) = 0.000 ns; Loc. = LCFF_X25_Y14_N11; Fanout = 2; REG Node = 'state:comb_3|B'
        Info: 2: + IC(2.405 ns) + CELL(1.942 ns) = 4.347 ns; Loc. = PIN_G14; Fanout = 0; PIN Node = 'B'
        Info: Total cell delay = 1.942 ns ( 44.67 % )
        Info: Total interconnect delay = 2.405 ns ( 55.33 % )
Info: th for register "state:comb_3|D" (data pin = "P[1]", clock pin = "CLK") is -2.707 ns
    Info: + Longest clock path from clock "CLK" to destination register is 2.487 ns
        Info: 1: + IC(0.000 ns) + CELL(0.854 ns) = 0.854 ns; Loc. = PIN_N20; Fanout = 1; CLK Node = 'CLK'
        Info: 2: + IC(0.343 ns) + CELL(0.000 ns) = 1.197 ns; Loc. = CLKCTRL_G3; Fanout = 5; COMB Node = 'CLK~clkctrl'
        Info: 3: + IC(0.672 ns) + CELL(0.618 ns) = 2.487 ns; Loc. = LCFF_X25_Y14_N3; Fanout = 1; REG Node = 'state:comb_3|D'
        Info: Total cell delay = 1.472 ns ( 59.19 % )
        Info: Total interconnect delay = 1.015 ns ( 40.81 % )
    Info: + Micro hold delay of destination is 0.149 ns
    Info: - Shortest pin to register delay is 5.343 ns
        Info: 1: + IC(0.000 ns) + CELL(0.809 ns) = 0.809 ns; Loc. = PIN_B9; Fanout = 5; PIN Node = 'P[1]'
        Info: 2: + IC(4.107 ns) + CELL(0.272 ns) = 5.188 ns; Loc. = LCCOMB_X25_Y14_N2; Fanout = 1; COMB Node = 'state:comb_3|Add16~0'
        Info: 3: + IC(0.000 ns) + CELL(0.155 ns) = 5.343 ns; Loc. = LCFF_X25_Y14_N3; Fanout = 1; REG Node = 'state:comb_3|D'
        Info: Total cell delay = 1.236 ns ( 23.13 % )
        Info: Total interconnect delay = 4.107 ns ( 76.87 % )
Info: Quartus II Classic Timing Analyzer was successful. 0 errors, 1 warning
    Info: Peak virtual memory: 168 megabytes
    Info: Processing ended: Tue Dec 09 19:52:43 2014
    Info: Elapsed time: 00:00:00
    Info: Total CPU time (on all processors): 00:00:00


