Classic Timing Analyzer report for three_bit_alu
Wed Sep 24 10:47:36 2014
Quartus II Version 9.1 Build 350 03/24/2010 Service Pack 2 SJ Web Edition


---------------------
; Table of Contents ;
---------------------
  1. Legal Notice
  2. Timing Analyzer Summary
  3. Timing Analyzer Settings
  4. Parallel Compilation
  5. tpd
  6. Timing Analyzer Messages



----------------
; Legal Notice ;
----------------
Copyright (C) 1991-2010 Altera Corporation
Your use of Altera Corporation's design tools, logic functions 
and other software and tools, and its AMPP partner logic 
functions, and any output files from any of the foregoing 
(including device programming or simulation files), and any 
associated documentation or information are expressly subject 
to the terms and conditions of the Altera Program License 
Subscription Agreement, Altera MegaCore Function License 
Agreement, or other applicable license agreement, including, 
without limitation, that your use is for the sole purpose of 
programming logic devices manufactured by Altera and sold by 
Altera or its authorized distributors.  Please refer to the 
applicable agreement for further details.



+--------------------------------------------------------------------------------------------------------------------------------------+
; Timing Analyzer Summary                                                                                                              ;
+------------------------------+-------+---------------+-------------+-----------+--------------+------------+----------+--------------+
; Type                         ; Slack ; Required Time ; Actual Time ; From      ; To           ; From Clock ; To Clock ; Failed Paths ;
+------------------------------+-------+---------------+-------------+-----------+--------------+------------+----------+--------------+
; Worst-case tpd               ; N/A   ; None          ; 11.796 ns   ; funsel[1] ; seven_seg[3] ; --         ; --       ; 0            ;
; Total number of failed paths ;       ;               ;             ;           ;              ;            ;          ; 0            ;
+------------------------------+-------+---------------+-------------+-----------+--------------+------------+----------+--------------+


+-----------------------------------------------------------------------------------------------------------------------------------------------------+
; Timing Analyzer Settings                                                                                                                            ;
+------------------------------------------------------------------------------------------------------+--------------------+------+----+-------------+
; Option                                                                                               ; Setting            ; From ; To ; Entity Name ;
+------------------------------------------------------------------------------------------------------+--------------------+------+----+-------------+
; Device Name                                                                                          ; EP2C35F672C6       ;      ;    ;             ;
; Timing Models                                                                                        ; Final              ;      ;    ;             ;
; Default hold multicycle                                                                              ; Same as Multicycle ;      ;    ;             ;
; Cut paths between unrelated clock domains                                                            ; On                 ;      ;    ;             ;
; Cut off read during write signal paths                                                               ; On                 ;      ;    ;             ;
; Cut off feedback from I/O pins                                                                       ; On                 ;      ;    ;             ;
; Report Combined Fast/Slow Timing                                                                     ; Off                ;      ;    ;             ;
; Ignore Clock Settings                                                                                ; Off                ;      ;    ;             ;
; Analyze latches as synchronous elements                                                              ; On                 ;      ;    ;             ;
; Enable Recovery/Removal analysis                                                                     ; Off                ;      ;    ;             ;
; Enable Clock Latency                                                                                 ; Off                ;      ;    ;             ;
; Use TimeQuest Timing Analyzer                                                                        ; Off                ;      ;    ;             ;
; Minimum Core Junction Temperature                                                                    ; 0                  ;      ;    ;             ;
; Maximum Core Junction Temperature                                                                    ; 85                 ;      ;    ;             ;
; Number of source nodes to report per destination node                                                ; 10                 ;      ;    ;             ;
; Number of destination nodes to report                                                                ; 10                 ;      ;    ;             ;
; Number of paths to report                                                                            ; 200                ;      ;    ;             ;
; Report Minimum Timing Checks                                                                         ; Off                ;      ;    ;             ;
; Use Fast Timing Models                                                                               ; Off                ;      ;    ;             ;
; Report IO Paths Separately                                                                           ; Off                ;      ;    ;             ;
; Perform Multicorner Analysis                                                                         ; On                 ;      ;    ;             ;
; Reports the worst-case path for each clock domain and analysis                                       ; Off                ;      ;    ;             ;
; Reports worst-case timing paths for each clock domain and analysis                                   ; On                 ;      ;    ;             ;
; Specifies the maximum number of worst-case timing paths to report for each clock domain and analysis ; 100                ;      ;    ;             ;
; Removes common clock path pessimism (CCPP) during slack computation                                  ; Off                ;      ;    ;             ;
; Output I/O Timing Endpoint                                                                           ; Near End           ;      ;    ;             ;
+------------------------------------------------------------------------------------------------------+--------------------+------+----+-------------+


Parallel compilation was disabled, but you have multiple processors available. Enable parallel compilation to reduce compilation time.
+-------------------------------------+
; Parallel Compilation                ;
+----------------------------+--------+
; Processors                 ; Number ;
+----------------------------+--------+
; Number detected on machine ; 4      ;
; Maximum allowed            ; 1      ;
+----------------------------+--------+


+------------------------------------------------------------------------+
; tpd                                                                    ;
+-------+-------------------+-----------------+-----------+--------------+
; Slack ; Required P2P Time ; Actual P2P Time ; From      ; To           ;
+-------+-------------------+-----------------+-----------+--------------+
; N/A   ; None              ; 11.796 ns       ; funsel[1] ; seven_seg[4] ;
; N/A   ; None              ; 11.796 ns       ; funsel[1] ; seven_seg[3] ;
; N/A   ; None              ; 11.782 ns       ; funsel[1] ; seven_seg[0] ;
; N/A   ; None              ; 11.760 ns       ; funsel[1] ; seven_seg[2] ;
; N/A   ; None              ; 11.756 ns       ; funsel[1] ; seven_seg[1] ;
; N/A   ; None              ; 11.748 ns       ; funsel[0] ; seven_seg[4] ;
; N/A   ; None              ; 11.748 ns       ; funsel[0] ; seven_seg[3] ;
; N/A   ; None              ; 11.744 ns       ; funsel[0] ; seven_seg[0] ;
; N/A   ; None              ; 11.727 ns       ; funsel[0] ; seven_seg[2] ;
; N/A   ; None              ; 11.675 ns       ; funsel[0] ; seven_seg[1] ;
; N/A   ; None              ; 11.537 ns       ; funsel[1] ; seven_seg[6] ;
; N/A   ; None              ; 11.514 ns       ; funsel[1] ; seven_seg[5] ;
; N/A   ; None              ; 11.484 ns       ; funsel[0] ; seven_seg[5] ;
; N/A   ; None              ; 11.479 ns       ; funsel[0] ; seven_seg[6] ;
; N/A   ; None              ; 8.602 ns        ; bin[0]    ; seven_seg[6] ;
; N/A   ; None              ; 8.545 ns        ; bin[0]    ; seven_seg[4] ;
; N/A   ; None              ; 8.545 ns        ; bin[0]    ; seven_seg[3] ;
; N/A   ; None              ; 8.532 ns        ; bin[0]    ; seven_seg[0] ;
; N/A   ; None              ; 8.512 ns        ; bin[0]    ; seven_seg[2] ;
; N/A   ; None              ; 8.501 ns        ; bin[0]    ; seven_seg[1] ;
; N/A   ; None              ; 8.463 ns        ; bin[1]    ; seven_seg[6] ;
; N/A   ; None              ; 8.406 ns        ; bin[1]    ; seven_seg[4] ;
; N/A   ; None              ; 8.406 ns        ; bin[1]    ; seven_seg[3] ;
; N/A   ; None              ; 8.393 ns        ; bin[1]    ; seven_seg[0] ;
; N/A   ; None              ; 8.373 ns        ; bin[1]    ; seven_seg[2] ;
; N/A   ; None              ; 8.362 ns        ; bin[1]    ; seven_seg[1] ;
; N/A   ; None              ; 8.267 ns        ; bin[0]    ; seven_seg[5] ;
; N/A   ; None              ; 8.162 ns        ; bin[2]    ; seven_seg[4] ;
; N/A   ; None              ; 8.162 ns        ; bin[2]    ; seven_seg[3] ;
; N/A   ; None              ; 8.149 ns        ; bin[2]    ; seven_seg[0] ;
; N/A   ; None              ; 8.129 ns        ; bin[2]    ; seven_seg[2] ;
; N/A   ; None              ; 8.128 ns        ; bin[1]    ; seven_seg[5] ;
; N/A   ; None              ; 8.118 ns        ; bin[2]    ; seven_seg[1] ;
; N/A   ; None              ; 7.893 ns        ; bin[2]    ; seven_seg[6] ;
; N/A   ; None              ; 7.884 ns        ; bin[2]    ; seven_seg[5] ;
; N/A   ; None              ; 7.569 ns        ; ain[0]    ; seven_seg[6] ;
; N/A   ; None              ; 7.512 ns        ; ain[0]    ; seven_seg[4] ;
; N/A   ; None              ; 7.512 ns        ; ain[0]    ; seven_seg[3] ;
; N/A   ; None              ; 7.499 ns        ; ain[0]    ; seven_seg[0] ;
; N/A   ; None              ; 7.479 ns        ; ain[0]    ; seven_seg[2] ;
; N/A   ; None              ; 7.468 ns        ; ain[0]    ; seven_seg[1] ;
; N/A   ; None              ; 7.458 ns        ; ain[1]    ; seven_seg[6] ;
; N/A   ; None              ; 7.456 ns        ; ain[2]    ; seven_seg[4] ;
; N/A   ; None              ; 7.456 ns        ; ain[2]    ; seven_seg[3] ;
; N/A   ; None              ; 7.443 ns        ; ain[2]    ; seven_seg[0] ;
; N/A   ; None              ; 7.423 ns        ; ain[2]    ; seven_seg[2] ;
; N/A   ; None              ; 7.412 ns        ; ain[2]    ; seven_seg[1] ;
; N/A   ; None              ; 7.401 ns        ; ain[1]    ; seven_seg[4] ;
; N/A   ; None              ; 7.401 ns        ; ain[1]    ; seven_seg[3] ;
; N/A   ; None              ; 7.388 ns        ; ain[1]    ; seven_seg[0] ;
; N/A   ; None              ; 7.368 ns        ; ain[1]    ; seven_seg[2] ;
; N/A   ; None              ; 7.357 ns        ; ain[1]    ; seven_seg[1] ;
; N/A   ; None              ; 7.234 ns        ; ain[0]    ; seven_seg[5] ;
; N/A   ; None              ; 7.187 ns        ; ain[2]    ; seven_seg[6] ;
; N/A   ; None              ; 7.178 ns        ; ain[2]    ; seven_seg[5] ;
; N/A   ; None              ; 7.123 ns        ; ain[1]    ; seven_seg[5] ;
+-------+-------------------+-----------------+-----------+--------------+


+--------------------------+
; Timing Analyzer Messages ;
+--------------------------+
Info: *******************************************************************
Info: Running Quartus II Classic Timing Analyzer
    Info: Version 9.1 Build 350 03/24/2010 Service Pack 2 SJ Web Edition
    Info: Processing started: Wed Sep 24 10:47:36 2014
Info: Command: quartus_tan --read_settings_files=off --write_settings_files=off three_bit_alu -c three_bit_alu --timing_analysis_only
Info: Longest tpd from source pin "funsel[1]" to destination pin "seven_seg[4]" is 11.796 ns
    Info: 1: + IC(0.000 ns) + CELL(0.852 ns) = 0.852 ns; Loc. = PIN_V2; Fanout = 5; PIN Node = 'funsel[1]'
    Info: 2: + IC(5.950 ns) + CELL(0.420 ns) = 7.222 ns; Loc. = LCCOMB_X29_Y4_N0; Fanout = 1; COMB Node = 'three_bit_out:comb_3|slice:comb_4|fout~0'
    Info: 3: + IC(0.250 ns) + CELL(0.150 ns) = 7.622 ns; Loc. = LCCOMB_X29_Y4_N18; Fanout = 6; COMB Node = 'three_bit_out:comb_3|slice:comb_4|fout~1'
    Info: 4: + IC(0.311 ns) + CELL(0.150 ns) = 8.083 ns; Loc. = LCCOMB_X29_Y4_N10; Fanout = 2; COMB Node = 'conversion:comb_4|WideOr3~0'
    Info: 5: + IC(0.915 ns) + CELL(2.798 ns) = 11.796 ns; Loc. = PIN_AE11; Fanout = 0; PIN Node = 'seven_seg[4]'
    Info: Total cell delay = 4.370 ns ( 37.05 % )
    Info: Total interconnect delay = 7.426 ns ( 62.95 % )
Info: Quartus II Classic Timing Analyzer was successful. 0 errors, 0 warnings
    Info: Peak virtual memory: 168 megabytes
    Info: Processing ended: Wed Sep 24 10:47:36 2014
    Info: Elapsed time: 00:00:00
    Info: Total CPU time (on all processors): 00:00:00


